<?xml version="1.0" encoding="UTF-8"?>
<testsuite xmlns:xsi="http://www.w3.org/2001/XMLSchema-instance" xsi:noNamespaceSchemaLocation="https://maven.apache.org/surefire/maven-surefire-plugin/xsd/surefire-test-report-3.0.xsd" version="3.0" name="PlayerTest" time="0.035" tests="4" errors="0" skipped="0" failures="0">
  <properties>
[...]
</properties>
  <testcase name="PlayerDocked" classname="PlayerTest" time="0.003"/>
  <testcase name="PlayerHealth" classname="PlayerTest" time="0.0"/>
  <testcase name="PlayerDamaged" classname="PlayerTest" time="0.0"/>
  <testcase name="PlayerInOrbit" classname="PlayerTest" time="0.0"/>
</testsuite>